#
# There is insufficient memory for the Java Runtime Environment to continue.
# Native memory allocation (malloc) failed to allocate 32744 bytes for ChunkPool::allocate
# Possible reasons:
#   The system is out of physical RAM or swap space
#   In 32 bit mode, the process size limit was hit
# Possible solutions:
#   Reduce memory load on the system
#   Increase physical memory or swap space
#   Check if swap backing store is full
#   Use 64 bit Java on a 64 bit OS
#   Decrease Java heap size (-Xmx/-Xms)
#   Decrease number of Java threads
#   Decrease Java thread stack sizes (-Xss)
#   Set larger code cache with -XX:ReservedCodeCacheSize=
# This output file may be truncated or incomplete.
#
#  Out of Memory Error (allocation.cpp:273), pid=12592, tid=0x0000000000009708
#
# JRE version: Java(TM) SE Runtime Environment (8.0_131-b11) (build 1.8.0_131-b11)
# Java VM: Java HotSpot(TM) 64-Bit Server VM (25.131-b11 mixed mode windows-amd64 compressed oops)
# Failed to write core dump. Minidumps are not enabled by default on client versions of Windows
#

---------------  T H R E A D  ---------------

Current thread (0x000000001de63000):  JavaThread "C2 CompilerThread2" daemon [_thread_in_vm, id=38664, stack(0x000000001f690000,0x000000001f790000)]

Stack: [0x000000001f690000,0x000000001f790000]
[error occurred during error reporting (printing stack bounds), id 0xc0000005]

Native frames: (J=compiled Java code, j=interpreted, Vv=VM code, C=native code)


Current CompileTask:
C2:    290  313   !   4       sun.misc.URLClassPath$JarLoader::getResource (85 bytes)


---------------  P R O C E S S  ---------------

Java Threads: ( => current thread )
  0x000000001df0e000 JavaThread "Service Thread" daemon [_thread_blocked, id=25712, stack(0x000000001f890000,0x000000001f990000)]
  0x000000001de65800 JavaThread "C1 CompilerThread3" daemon [_thread_in_native, id=38560, stack(0x000000001f790000,0x000000001f890000)]
=>0x000000001de63000 JavaThread "C2 CompilerThread2" daemon [_thread_in_vm, id=38664, stack(0x000000001f690000,0x000000001f790000)]
  0x000000001de61800 JavaThread "C2 CompilerThread1" daemon [_thread_in_native, id=1760, stack(0x000000001f590000,0x000000001f690000)]
  0x000000001de5f000 JavaThread "C2 CompilerThread0" daemon [_thread_in_native, id=30248, stack(0x000000001f490000,0x000000001f590000)]
  0x000000001de4f000 JavaThread "Monitor Ctrl-Break" daemon [_thread_in_native, id=2836, stack(0x000000001f390000,0x000000001f490000)]
  0x000000001de3b000 JavaThread "Attach Listener" daemon [_thread_blocked, id=16676, stack(0x000000001f280000,0x000000001f380000)]
  0x000000001dde5800 JavaThread "Signal Dispatcher" daemon [_thread_blocked, id=11848, stack(0x000000001f180000,0x000000001f280000)]
  0x000000001c6e4800 JavaThread "Finalizer" daemon [_thread_blocked, id=30836, stack(0x000000001f020000,0x000000001f120000)]
  0x000000001c6dd800 JavaThread "Reference Handler" daemon [_thread_blocked, id=26316, stack(0x000000001ef20000,0x000000001f020000)]
  0x0000000002949000 JavaThread "main" [_thread_in_native, id=38616, stack(0x00000000027d0000,0x00000000028d0000)]

Other Threads:
  0x0000000002a3d800 VMThread [stack: 0x000000001ee20000,0x000000001ef20000] [id=31056]
  0x000000001dfae000 WatcherThread [stack: 0x000000001f9b0000,0x000000001fab0000] [id=33868]

VM state:not at safepoint (normal execution)

VM Mutex/Monitor currently owned by a thread: None

Heap:
 PSYoungGen      total 75776K, used 11718K [0x000000076be00000, 0x0000000771280000, 0x00000007c0000000)
  eden space 65024K, 18% used [0x000000076be00000,0x000000076c971840,0x000000076fd80000)
  from space 10752K, 0% used [0x0000000770800000,0x0000000770800000,0x0000000771280000)
  to   space 10752K, 0% used [0x000000076fd80000,0x000000076fd80000,0x0000000770800000)
 ParOldGen       total 173568K, used 0K [0x00000006c3a00000, 0x00000006ce380000, 0x000000076be00000)
  object space 173568K, 0% used [0x00000006c3a00000,0x00000006c3a00000,0x00000006ce380000)
 Metaspace       used 4756K, capacity 5098K, committed 5248K, reserved 1056768K
  class space    used 539K, capacity 594K, committed 640K, reserved 1048576K

Card table byte_map: [0x0000000011f90000,0x0000000012780000] byte_map_base: 0x000000000e973000

Marking Bits: (ParMarkBitMap*) 0x0000000067e6c720
 Begin Bits: [0x00000000136d0000, 0x00000000175e8000)
 End Bits:   [0x00000000175e8000, 0x000000001b500000)

Polling page: 0x0000000000b50000

CodeCache: size=245760Kb used=1791Kb max_used=1791Kb free=243968Kb
 bounds [0x0000000002bd0000, 0x0000000002e40000, 0x0000000011bd0000]
 total_blobs=577 nmethods=307 adapters=183
 compilation: enabled

Compilation events (10 events):
Event: 0.282 Thread 0x000000001de65800  305       3       java.util.WeakHashMap::remove (133 bytes)
Event: 0.282 Thread 0x000000001de65800 nmethod 305 0x0000000002d90350 code [0x0000000002d90540, 0x0000000002d91028]
Event: 0.284 Thread 0x000000001de65800  306       3       java.util.HashSet::add (20 bytes)
Event: 0.284 Thread 0x000000001de65800 nmethod 306 0x0000000002d8e850 code [0x0000000002d8e9c0, 0x0000000002d8ec48]
Event: 0.285 Thread 0x000000001de65800  307       3       java.lang.String::<init> (15 bytes)
Event: 0.285 Thread 0x000000001de5f000  309  s!   4       sun.misc.URLClassPath::getLoader (243 bytes)
Event: 0.285 Thread 0x000000001de61800  310  s    4       sun.misc.URLClassPath::getNextLoader (88 bytes)
Event: 0.285 Thread 0x000000001de65800 nmethod 307 0x0000000002d8b590 code [0x0000000002d8b720, 0x0000000002d8bb08]
Event: 0.285 Thread 0x000000001de65800  308       3       java.net.URLStreamHandler::parseURL (1193 bytes)
Event: 0.286 Thread 0x000000001de63000  313   !   4       sun.misc.URLClassPath$JarLoader::getResource (85 bytes)

GC Heap History (0 events):
No events

Deoptimization events (0 events):
No events

Internal exceptions (7 events):
Event: 0.030 Thread 0x0000000002949000 Exception <a 'java/lang/NoSuchMethodError': Method sun.misc.Unsafe.defineClass(Ljava/lang/String;[BII)Ljava/lang/Class; name or signature does not match> (0x000000076be07ca8) thrown at [C:\re\workspace\8-2-build-windows-amd64-cygwin\jdk8u131\8869\hotspot\
Event: 0.030 Thread 0x0000000002949000 Exception <a 'java/lang/NoSuchMethodError': Method sun.misc.Unsafe.prefetchRead(Ljava/lang/Object;J)V name or signature does not match> (0x000000076be07f90) thrown at [C:\re\workspace\8-2-build-windows-amd64-cygwin\jdk8u131\8869\hotspot\src\share\vm\prims
Event: 0.231 Thread 0x0000000002949000 Exception <a 'java/io/FileNotFoundException'> (0x000000076c46d4a0) thrown at [C:\re\workspace\8-2-build-windows-amd64-cygwin\jdk8u131\8869\hotspot\src\share\vm\prims\jni.cpp, line 709]
Event: 0.261 Thread 0x0000000002949000 Exception <a 'java/security/PrivilegedActionException'> (0x000000076c60ca78) thrown at [C:\re\workspace\8-2-build-windows-amd64-cygwin\jdk8u131\8869\hotspot\src\share\vm\prims\jvm.cpp, line 1390]
Event: 0.261 Thread 0x0000000002949000 Exception <a 'java/security/PrivilegedActionException'> (0x000000076c60ce70) thrown at [C:\re\workspace\8-2-build-windows-amd64-cygwin\jdk8u131\8869\hotspot\src\share\vm\prims\jvm.cpp, line 1390]
Event: 0.261 Thread 0x0000000002949000 Exception <a 'java/security/PrivilegedActionException'> (0x000000076c60ffa8) thrown at [C:\re\workspace\8-2-build-windows-amd64-cygwin\jdk8u131\8869\hotspot\src\share\vm\prims\jvm.cpp, line 1390]
Event: 0.261 Thread 0x0000000002949000 Exception <a 'java/security/PrivilegedActionException'> (0x000000076c6103a0) thrown at [C:\re\workspace\8-2-build-windows-amd64-cygwin\jdk8u131\8869\hotspot\src\share\vm\prims\jvm.cpp, line 1390]

Events (10 events):
Event: 0.286 loading class org/junit/runners/ParentRunner$2
Event: 0.286 loading class org/junit/runners/ParentRunner$2 done
Event: 0.286 loading class org/junit/internal/AssumptionViolatedException
Event: 0.286 loading class org/junit/internal/AssumptionViolatedException done
Event: 0.287 loading class org/hamcrest/SelfDescribing
Event: 0.287 loading class org/hamcrest/SelfDescribing done
Event: 0.288 Executing VM operation: Deoptimize
Event: 0.288 Executing VM operation: Deoptimize done
Event: 0.288 loading class org/junit/internal/runners/statements/RunAfters
Event: 0.288 loading class org/junit/internal/runners/statements/RunAfters done


Dynamic libraries:
0x00007ff673a50000 - 0x00007ff673a87000 	D:\Java\env_confile\jdk1.8.0_131\bin\java.exe
0x00007fffc6510000 - 0x00007fffc6708000 	C:\Windows\SYSTEM32\ntdll.dll
0x00007fffc4830000 - 0x00007fffc48ed000 	C:\Windows\System32\KERNEL32.DLL
0x00007fffc3da0000 - 0x00007fffc406e000 	C:\Windows\System32\KERNELBASE.dll
0x00007fffc4a30000 - 0x00007fffc4ade000 	C:\Windows\System32\ADVAPI32.dll
0x00007fffc4df0000 - 0x00007fffc4e8e000 	C:\Windows\System32\msvcrt.dll
0x00007fffc5980000 - 0x00007fffc5a1c000 	C:\Windows\System32\sechost.dll
0x00007fffc48f0000 - 0x00007fffc4a15000 	C:\Windows\System32\RPCRT4.dll
0x00007fffc4b40000 - 0x00007fffc4ce0000 	C:\Windows\System32\USER32.dll
0x00007fffc41b0000 - 0x00007fffc41d2000 	C:\Windows\System32\win32u.dll
0x00007fffc64a0000 - 0x00007fffc64ca000 	C:\Windows\System32\GDI32.dll
0x00007fffc4070000 - 0x00007fffc417b000 	C:\Windows\System32\gdi32full.dll
0x00007fffc41e0000 - 0x00007fffc427d000 	C:\Windows\System32\msvcp_win.dll
0x00007fffc43e0000 - 0x00007fffc44e0000 	C:\Windows\System32\ucrtbase.dll
0x00007fffb16f0000 - 0x00007fffb198a000 	C:\Windows\WinSxS\amd64_microsoft.windows.common-controls_6595b64144ccf1df_6.0.19041.1110_none_60b5254171f9507e\COMCTL32.dll
0x00007fffc5200000 - 0x00007fffc5230000 	C:\Windows\System32\IMM32.DLL
0x0000000067ef0000 - 0x0000000067fc2000 	D:\Java\env_confile\jdk1.8.0_131\jre\bin\msvcr100.dll
0x0000000067650000 - 0x0000000067eec000 	D:\Java\env_confile\jdk1.8.0_131\jre\bin\server\jvm.dll
0x00007fffc4a20000 - 0x00007fffc4a28000 	C:\Windows\System32\PSAPI.DLL
0x00007fffb8640000 - 0x00007fffb864a000 	C:\Windows\SYSTEM32\VERSION.dll
0x00007fffb43c0000 - 0x00007fffb43e7000 	C:\Windows\SYSTEM32\WINMM.dll
0x00007fffb9e70000 - 0x00007fffb9e79000 	C:\Windows\SYSTEM32\WSOCK32.dll
0x00007fffc5f10000 - 0x00007fffc5f7b000 	C:\Windows\System32\WS2_32.dll
0x0000000067640000 - 0x000000006764f000 	D:\Java\env_confile\jdk1.8.0_131\jre\bin\verify.dll
0x0000000067610000 - 0x0000000067639000 	D:\Java\env_confile\jdk1.8.0_131\jre\bin\java.dll
0x0000000067590000 - 0x00000000675b3000 	D:\Java\env_confile\jdk1.8.0_131\jre\bin\instrument.dll
0x0000000067570000 - 0x0000000067586000 	D:\Java\env_confile\jdk1.8.0_131\jre\bin\zip.dll
0x00007fffc5230000 - 0x00007fffc5974000 	C:\Windows\System32\SHELL32.dll
0x00007fffc1c40000 - 0x00007fffc23d4000 	C:\Windows\SYSTEM32\windows.storage.dll
0x00007fffc6140000 - 0x00007fffc6494000 	C:\Windows\System32\combase.dll
0x00007fffc3690000 - 0x00007fffc36c0000 	C:\Windows\SYSTEM32\Wldp.dll
0x00007fffc4660000 - 0x00007fffc470d000 	C:\Windows\System32\SHCORE.dll
0x00007fffc4d90000 - 0x00007fffc4de5000 	C:\Windows\System32\shlwapi.dll
0x00007fffc3b70000 - 0x00007fffc3b8f000 	C:\Windows\SYSTEM32\profapi.dll
0x00007fffb7710000 - 0x00007fffb772a000 	D:\IntelliJ IDEA 2020.3.4\bin\breakgen64.dll
0x0000000067540000 - 0x000000006755a000 	D:\Java\env_confile\jdk1.8.0_131\jre\bin\net.dll
0x00007fffc33f0000 - 0x00007fffc345a000 	C:\Windows\system32\mswsock.dll

VM Arguments:
jvm_args: -ea -Didea.test.cyclic.buffer.size=1048576 -javaagent:D:\IntelliJ IDEA 2020.3.4\lib\idea_rt.jar=7390:D:\IntelliJ IDEA 2020.3.4\bin -Dfile.encoding=UTF-8 
java_command: com.intellij.rt.junit.JUnitStarter -ideVersion5 -junit4 com.itheima.dao.test.testDao,test
java_class_path (initial): D:\IntelliJ IDEA 2020.3.4\lib\idea_rt.jar;D:\IntelliJ IDEA 2020.3.4\plugins\junit\lib\junit5-rt.jar;D:\IntelliJ IDEA 2020.3.4\plugins\junit\lib\junit-rt.jar;D:\Java\env_confile\jdk1.8.0_131\jre\lib\charsets.jar;D:\Java\env_confile\jdk1.8.0_131\jre\lib\deploy.jar;D:\Java\env_confile\jdk1.8.0_131\jre\lib\ext\access-bridge-64.jar;D:\Java\env_confile\jdk1.8.0_131\jre\lib\ext\cldrdata.jar;D:\Java\env_confile\jdk1.8.0_131\jre\lib\ext\dnsns.jar;D:\Java\env_confile\jdk1.8.0_131\jre\lib\ext\jaccess.jar;D:\Java\env_confile\jdk1.8.0_131\jre\lib\ext\jfxrt.jar;D:\Java\env_confile\jdk1.8.0_131\jre\lib\ext\localedata.jar;D:\Java\env_confile\jdk1.8.0_131\jre\lib\ext\nashorn.jar;D:\Java\env_confile\jdk1.8.0_131\jre\lib\ext\sunec.jar;D:\Java\env_confile\jdk1.8.0_131\jre\lib\ext\sunjce_provider.jar;D:\Java\env_confile\jdk1.8.0_131\jre\lib\ext\sunmscapi.jar;D:\Java\env_confile\jdk1.8.0_131\jre\lib\ext\sunpkcs11.jar;D:\Java\env_confile\jdk1.8.0_131\jre\lib\ext\zipfs.jar;D:\Java\env_confile\jdk1.8.0_131\jre\lib\javaws.jar;D:\Java\env_confile\jdk1.8.0_131\jre\lib\jce.jar;D:\Java\env_confile\jdk1.8.0_131\jre\lib\jfr.jar;D:\Java\env_confile\jdk1.8.0_131\jre\lib\jfxswt.jar;D:\Java\env_confile\jdk1.8.0_131\jre\lib\jsse.jar;D:\Java\env_confile\jdk1.8.0_131\jre\lib\management-agent.jar;D:\Java\env_confile\jdk1.8.0_131\jre\lib\plugin.jar;D:\Java\env_confile\jdk1.8.0_131\jre\lib\resources.jar;D:\Java\env_confile\jdk1.8.0_131\jre\lib\rt.jar;D:\Java\code\health_parent\health_service_provider\target\test-classes;D:\Java\code\health_parent\health_service_provider\target\classes;D:\Java\code\health_parent\health_interface\target\classes;D:\Java\code\health_parent\health_common\target\classes;D:\Java\studyFile\黑马\传智健康\资源\repository_boot\net\sf\jasperreports\jasperreports\6.8.0\jasperreports-6.8.0.jar;D:\Java\studyFile\黑马\传智健康\资源\repository_boot\commons-beanutils\commons-beanutils\1.9.3\commons-beanutils-1.9.3.jar;D:\Java\studyFile\黑马\传智健康\资源\reposito
Launcher Type: SUN_STANDARD

Environment Variables:
JAVA_HOME=D:\Java\env_confile\jdk1.8.0_131
PATH=D:\server\MySQL Server 8.0\bin;D:\software\vm16\bin\;D:\Java\env_confile\jdk1.8.0_131\bin;D:\Java\env_confile\jdk1.8.0_131\jre\bin;C:\Windows\system32;C:\Windows;C:\Windows\System32\Wbem;C:\Windows\System32\WindowsPowerShell\v1.0\;C:\Windows\System32\OpenSSH\;C:\Program Files (x86)\NVIDIA Corporation\PhysX\Common;C:\Program Files\NVIDIA Corporation\NVIDIA NvDLISR;D:\software\AOMEI\AOMEI Backupper\6.8.0;D:\server\Xshell\;D:\server\nodjs_16.13.0\;D:\server\nodjs_16.13.0\node_global\node_modules;D:\server\nodjs_16.13.0\node_global;C:\Program Files\Microsoft SQL Server\Client SDK\ODBC\170\Tools\Binn\;C:\Program Files (x86)\Microsoft SQL Server\150\Tools\Binn\;C:\Program Files\Microsoft SQL Server\150\Tools\Binn\;C:\Program Files\Microsoft SQL Server\150\DTS\Binn\;C:\Program Files (x86)\Microsoft SQL Server\150\DTS\Binn\;C:\Program Files\Azure Data Studio\bin;D:\server\TortoiseGit\bin;D:\Java\env_confile\apache-maven-3.6.1\bin;C:\Users\pzistart\AppData\Local\Microsoft\WindowsApps;D:\IntelliJ IDEA 2020.3.4\bin;;C:\Program Files\Bandizip\;D:\software\;D:\vscode\Microsoft VS Code\bin;D:\server\nodjs_16.13.0\node_global;;D:\WebStorm 2022.1\bin;;D:\DataGrip 2022.1.1\bin;;C:\Program Files\Azure Data Studio\bin
USERNAME=pzistart
OS=Windows_NT
PROCESSOR_IDENTIFIER=Intel64 Family 6 Model 141 Stepping 1, GenuineIntel



---------------  S Y S T E M  ---------------

OS: Windows 10.0 , 64 bit Build 19041 (10.0.19041.1889)

CPU:total 12 (initial active 12) (6 cores per cpu, 2 threads per core) family 6 model 141 stepping 1, cmov, cx8, fxsr, mmx, sse, sse2, sse3, ssse3, sse4.1, sse4.2, popcnt, avx, avx2, aes, clmul, erms, 3dnowpref, lzcnt, ht, tsc, tscinvbit, bmi1, bmi2, adx

Memory: 4k page, physical 16538552k(532248k free), swap 35738548k(5128k free)

vm_info: Java HotSpot(TM) 64-Bit Server VM (25.131-b11) for windows-amd64 JRE (1.8.0_131-b11), built on Mar 15 2017 01:23:53 by "java_re" with MS VC++ 10.0 (VS2010)

time: Tue Aug 16 00:22:44 2022
elapsed time: 0 seconds (0d 0h 0m 0s)

