#
# There is insufficient memory for the Java Runtime Environment to continue.
# Native memory allocation (malloc) failed to allocate 242896 bytes for Chunk::new
# Possible reasons:
#   The system is out of physical RAM or swap space
#   In 32 bit mode, the process size limit was hit
# Possible solutions:
#   Reduce memory load on the system
#   Increase physical memory or swap space
#   Check if swap backing store is full
#   Use 64 bit Java on a 64 bit OS
#   Decrease Java heap size (-Xmx/-Xms)
#   Decrease number of Java threads
#   Decrease Java thread stack sizes (-Xss)
#   Set larger code cache with -XX:ReservedCodeCacheSize=
# This output file may be truncated or incomplete.
#
#  Out of Memory Error (allocation.cpp:390), pid=19348, tid=0x0000000000008670
#
# JRE version: Java(TM) SE Runtime Environment (8.0_131-b11) (build 1.8.0_131-b11)
# Java VM: Java HotSpot(TM) 64-Bit Server VM (25.131-b11 mixed mode windows-amd64 compressed oops)
# Failed to write core dump. Minidumps are not enabled by default on client versions of Windows
#

---------------  T H R E A D  ---------------

Current thread (0x000000001e5c8800):  JavaThread "C2 CompilerThread2" daemon [_thread_in_native, id=34416, stack(0x000000001fdf0000,0x000000001fef0000)]

Stack: [0x000000001fdf0000,0x000000001fef0000]
[error occurred during error reporting (printing stack bounds), id 0xc0000005]

Native frames: (J=compiled Java code, j=interpreted, Vv=VM code, C=native code)


Current CompileTask:
C2:    524  748       4       sun.misc.URLClassPath::getResource (83 bytes)


---------------  P R O C E S S  ---------------

Java Threads: ( => current thread )
  0x000000001e677800 JavaThread "Service Thread" daemon [_thread_blocked, id=26092, stack(0x000000001fff0000,0x00000000200f0000)]
  0x000000001e5cb800 JavaThread "C1 CompilerThread3" daemon [_thread_in_native, id=39744, stack(0x000000001fef0000,0x000000001fff0000)]
=>0x000000001e5c8800 JavaThread "C2 CompilerThread2" daemon [_thread_in_native, id=34416, stack(0x000000001fdf0000,0x000000001fef0000)]
  0x000000001e5c7800 JavaThread "C2 CompilerThread1" daemon [_thread_blocked, id=40516, stack(0x000000001fcf0000,0x000000001fdf0000)]
  0x000000001e5c4800 JavaThread "C2 CompilerThread0" daemon [_thread_blocked, id=40872, stack(0x000000001fbf0000,0x000000001fcf0000)]
  0x000000001e5b4000 JavaThread "Monitor Ctrl-Break" daemon [_thread_in_native, id=29764, stack(0x000000001faf0000,0x000000001fbf0000)]
  0x000000001e5a0000 JavaThread "Attach Listener" daemon [_thread_blocked, id=29448, stack(0x000000001f9f0000,0x000000001faf0000)]
  0x000000001e545800 JavaThread "Signal Dispatcher" daemon [_thread_blocked, id=35916, stack(0x000000001f8f0000,0x000000001f9f0000)]
  0x000000001e523800 JavaThread "Finalizer" daemon [_thread_blocked, id=8548, stack(0x000000001f790000,0x000000001f890000)]
  0x000000001ce5f800 JavaThread "Reference Handler" daemon [_thread_blocked, id=13036, stack(0x000000001f690000,0x000000001f790000)]
  0x00000000030e9000 JavaThread "main" [_thread_in_native, id=10572, stack(0x0000000002fe0000,0x00000000030e0000)]

Other Threads:
  0x000000001e502000 VMThread [stack: 0x000000001f590000,0x000000001f690000] [id=30056]
  0x000000001e5ec000 WatcherThread [stack: 0x00000000200f0000,0x00000000201f0000] [id=27700]

VM state:not at safepoint (normal execution)

VM Mutex/Monitor currently owned by a thread: None

Heap:
 PSYoungGen      total 75776K, used 36437K [0x000000076be00000, 0x0000000771280000, 0x00000007c0000000)
  eden space 65024K, 56% used [0x000000076be00000,0x000000076e1956d0,0x000000076fd80000)
  from space 10752K, 0% used [0x0000000770800000,0x0000000770800000,0x0000000771280000)
  to   space 10752K, 0% used [0x000000076fd80000,0x000000076fd80000,0x0000000770800000)
 ParOldGen       total 173568K, used 0K [0x00000006c3a00000, 0x00000006ce380000, 0x000000076be00000)
  object space 173568K, 0% used [0x00000006c3a00000,0x00000006c3a00000,0x00000006ce380000)
 Metaspace       used 8200K, capacity 8448K, committed 8576K, reserved 1056768K
  class space    used 968K, capacity 1044K, committed 1152K, reserved 1048576K

Card table byte_map: [0x0000000012710000,0x0000000012f00000] byte_map_base: 0x000000000f0f3000

Marking Bits: (ParMarkBitMap*) 0x0000000067e6c720
 Begin Bits: [0x0000000013e50000, 0x0000000017d68000)
 End Bits:   [0x0000000017d68000, 0x000000001bc80000)

Polling page: 0x0000000001220000

CodeCache: size=245760Kb used=3096Kb max_used=3096Kb free=242663Kb
 bounds [0x0000000003350000, 0x0000000003660000, 0x0000000012350000]
 total_blobs=1082 nmethods=768 adapters=227
 compilation: enabled

Compilation events (10 events):
Event: 0.523 Thread 0x000000001e5cb800 nmethod 761 0x00000000036503d0 code [0x0000000003650540, 0x00000000036508d0]
Event: 0.523 Thread 0x000000001e5cb800  763       3       java.util.regex.ASCII::isType (15 bytes)
Event: 0.524 Thread 0x000000001e5cb800 nmethod 763 0x0000000003650a50 code [0x0000000003650bc0, 0x0000000003650e30]
Event: 0.524 Thread 0x000000001e5cb800  764       3       java.util.regex.ASCII::getType (17 bytes)
Event: 0.524 Thread 0x000000001e5cb800 nmethod 764 0x0000000003650f50 code [0x00000000036510c0, 0x0000000003651290]
Event: 0.524 Thread 0x000000001e5cb800  765       3       java.lang.Character::codePointAt (51 bytes)
Event: 0.524 Thread 0x000000001e5cb800 nmethod 765 0x0000000003651350 code [0x0000000003651500, 0x0000000003651ba8]
Event: 0.524 Thread 0x000000001e5cb800  766       3       java.util.regex.Pattern$Node::match (27 bytes)
Event: 0.524 Thread 0x000000001e5cb800 nmethod 766 0x0000000003651d50 code [0x0000000003651ec0, 0x0000000003652070]
Event: 0.524 Thread 0x000000001e5cb800  762       3       java.util.regex.Pattern$CharProperty::match (56 bytes)

GC Heap History (0 events):
No events

Deoptimization events (6 events):
Event: 0.347 Thread 0x00000000030e9000 Uncommon trap: reason=unstable_if action=reinterpret pc=0x000000000354f2d8 method=java.lang.AbstractStringBuilder.append(Ljava/lang/String;)Ljava/lang/AbstractStringBuilder; @ 1
Event: 0.382 Thread 0x00000000030e9000 Uncommon trap: reason=unstable_if action=reinterpret pc=0x00000000034bf4d4 method=java.lang.CharacterDataLatin1.digit(II)I @ 82
Event: 0.404 Thread 0x00000000030e9000 Uncommon trap: reason=unstable_if action=reinterpret pc=0x00000000035cc4d8 method=java.util.HashMap.getNode(ILjava/lang/Object;)Ljava/util/HashMap$Node; @ 129
Event: 0.443 Thread 0x00000000030e9000 Uncommon trap: reason=null_check action=make_not_entrant pc=0x00000000034bf0a8 method=java.lang.String.equals(Ljava/lang/Object;)Z @ 8
Event: 0.454 Thread 0x00000000030e9000 Uncommon trap: reason=unstable_if action=reinterpret pc=0x000000000356c088 method=java.util.HashMap.getNode(ILjava/lang/Object;)Ljava/util/HashMap$Node; @ 129
Event: 0.484 Thread 0x00000000030e9000 Uncommon trap: reason=unstable_if action=reinterpret pc=0x0000000003502658 method=java.lang.String.indexOf([CII[CIII)I @ 134

Internal exceptions (10 events):
Event: 0.341 Thread 0x00000000030e9000 Exception <a 'java/lang/ClassNotFoundException': org/apache/log4j/AppenderSkeletonCustomizer> (0x000000076cf5b1f0) thrown at [C:\re\workspace\8-2-build-windows-amd64-cygwin\jdk8u131\8869\hotspot\src\share\vm\classfile\systemDictionary.cpp, line 210]
Event: 0.343 Thread 0x00000000030e9000 Exception <a 'java/lang/ClassNotFoundException': org/apache/log4j/WriterAppenderCustomizer> (0x000000076cf8eb40) thrown at [C:\re\workspace\8-2-build-windows-amd64-cygwin\jdk8u131\8869\hotspot\src\share\vm\classfile\systemDictionary.cpp, line 210]
Event: 0.345 Thread 0x00000000030e9000 Exception <a 'java/lang/ClassNotFoundException': org/apache/log4j/ConsoleAppenderCustomizer> (0x000000076cfb4808) thrown at [C:\re\workspace\8-2-build-windows-amd64-cygwin\jdk8u131\8869\hotspot\src\share\vm\classfile\systemDictionary.cpp, line 210]
Event: 0.347 Thread 0x00000000030e9000 Implicit null exception at 0x000000000354ef16 to 0x000000000354f2bd
Event: 0.372 Thread 0x00000000030e9000 Exception <a 'java/lang/NoSuchFieldError': method resolution failed> (0x000000076d13a838) thrown at [C:\re\workspace\8-2-build-windows-amd64-cygwin\jdk8u131\8869\hotspot\src\share\vm\prims\methodHandles.cpp, line 1146]
Event: 0.373 Thread 0x00000000030e9000 Exception <a 'java/lang/NoSuchFieldError': method resolution failed> (0x000000076d1487c8) thrown at [C:\re\workspace\8-2-build-windows-amd64-cygwin\jdk8u131\8869\hotspot\src\share\vm\prims\methodHandles.cpp, line 1146]
Event: 0.443 Thread 0x00000000030e9000 Implicit null exception at 0x00000000034bee91 to 0x00000000034bf099
Event: 0.512 Thread 0x00000000030e9000 Exception <a 'java/lang/NoClassDefFoundError': org/reactivestreams/Publisher> (0x000000076df4a878) thrown at [C:\re\workspace\8-2-build-windows-amd64-cygwin\jdk8u131\8869\hotspot\src\share\vm\classfile\systemDictionary.cpp, line 199]
Event: 0.513 Thread 0x00000000030e9000 Exception <a 'java/lang/NoClassDefFoundError': rx/Observable> (0x000000076df62258) thrown at [C:\re\workspace\8-2-build-windows-amd64-cygwin\jdk8u131\8869\hotspot\src\share\vm\classfile\systemDictionary.cpp, line 199]
Event: 0.513 Thread 0x00000000030e9000 Exception <a 'java/lang/NoClassDefFoundError': org/reactivestreams/Publisher> (0x000000076df7d398) thrown at [C:\re\workspace\8-2-build-windows-amd64-cygwin\jdk8u131\8869\hotspot\src\share\vm\classfile\systemDictionary.cpp, line 199]

Events (10 events):
Event: 0.521 loading class javax/ejb$TransactionAttribute
Event: 0.521 loading class javax/ejb$TransactionAttribute done
Event: 0.521 loading class org/springframework/transaction/annotation/SpringTransactionAnnotationParser
Event: 0.521 loading class org/springframework/transaction/annotation/SpringTransactionAnnotationParser done
Event: 0.521 loading class org/springframework/transaction/annotation/TransactionAnnotationParser
Event: 0.521 loading class org/springframework/transaction/annotation/TransactionAnnotationParser done
Event: 0.522 loading class org/springframework/core/PriorityOrdered
Event: 0.522 loading class org/springframework/core/PriorityOrdered done
Event: 0.524 loading class org/springframework/test/annotation/ProfileValueUtils
Event: 0.524 loading class org/springframework/test/annotation/ProfileValueUtils done


Dynamic libraries:
0x00007ff673a50000 - 0x00007ff673a87000 	D:\Java\env_confile\jdk1.8.0_131\bin\java.exe
0x00007fffc6510000 - 0x00007fffc6708000 	C:\Windows\SYSTEM32\ntdll.dll
0x00007fffc4830000 - 0x00007fffc48ed000 	C:\Windows\System32\KERNEL32.DLL
0x00007fffc3da0000 - 0x00007fffc406e000 	C:\Windows\System32\KERNELBASE.dll
0x00007fffc4a30000 - 0x00007fffc4ade000 	C:\Windows\System32\ADVAPI32.dll
0x00007fffc4df0000 - 0x00007fffc4e8e000 	C:\Windows\System32\msvcrt.dll
0x00007fffc5980000 - 0x00007fffc5a1c000 	C:\Windows\System32\sechost.dll
0x00007fffc48f0000 - 0x00007fffc4a15000 	C:\Windows\System32\RPCRT4.dll
0x00007fffc4b40000 - 0x00007fffc4ce0000 	C:\Windows\System32\USER32.dll
0x00007fffc41b0000 - 0x00007fffc41d2000 	C:\Windows\System32\win32u.dll
0x00007fffc64a0000 - 0x00007fffc64ca000 	C:\Windows\System32\GDI32.dll
0x00007fffc4070000 - 0x00007fffc417b000 	C:\Windows\System32\gdi32full.dll
0x00007fffc41e0000 - 0x00007fffc427d000 	C:\Windows\System32\msvcp_win.dll
0x00007fffc43e0000 - 0x00007fffc44e0000 	C:\Windows\System32\ucrtbase.dll
0x00007fffb16f0000 - 0x00007fffb198a000 	C:\Windows\WinSxS\amd64_microsoft.windows.common-controls_6595b64144ccf1df_6.0.19041.1110_none_60b5254171f9507e\COMCTL32.dll
0x00007fffc5200000 - 0x00007fffc5230000 	C:\Windows\System32\IMM32.DLL
0x0000000067ef0000 - 0x0000000067fc2000 	D:\Java\env_confile\jdk1.8.0_131\jre\bin\msvcr100.dll
0x0000000067650000 - 0x0000000067eec000 	D:\Java\env_confile\jdk1.8.0_131\jre\bin\server\jvm.dll
0x00007fffc4a20000 - 0x00007fffc4a28000 	C:\Windows\System32\PSAPI.DLL
0x00007fffb43c0000 - 0x00007fffb43e7000 	C:\Windows\SYSTEM32\WINMM.dll
0x00007fffb9e70000 - 0x00007fffb9e79000 	C:\Windows\SYSTEM32\WSOCK32.dll
0x00007fffb8640000 - 0x00007fffb864a000 	C:\Windows\SYSTEM32\VERSION.dll
0x00007fffc5f10000 - 0x00007fffc5f7b000 	C:\Windows\System32\WS2_32.dll
0x0000000067640000 - 0x000000006764f000 	D:\Java\env_confile\jdk1.8.0_131\jre\bin\verify.dll
0x0000000067610000 - 0x0000000067639000 	D:\Java\env_confile\jdk1.8.0_131\jre\bin\java.dll
0x0000000067590000 - 0x00000000675b3000 	D:\Java\env_confile\jdk1.8.0_131\jre\bin\instrument.dll
0x0000000067570000 - 0x0000000067586000 	D:\Java\env_confile\jdk1.8.0_131\jre\bin\zip.dll
0x00007fffc5230000 - 0x00007fffc5974000 	C:\Windows\System32\SHELL32.dll
0x00007fffc1c40000 - 0x00007fffc23d4000 	C:\Windows\SYSTEM32\windows.storage.dll
0x00007fffc6140000 - 0x00007fffc6494000 	C:\Windows\System32\combase.dll
0x00007fffc3690000 - 0x00007fffc36c0000 	C:\Windows\SYSTEM32\Wldp.dll
0x00007fffc4660000 - 0x00007fffc470d000 	C:\Windows\System32\SHCORE.dll
0x00007fffc4d90000 - 0x00007fffc4de5000 	C:\Windows\System32\shlwapi.dll
0x00007fffc3b70000 - 0x00007fffc3b8f000 	C:\Windows\SYSTEM32\profapi.dll
0x00007fffb7710000 - 0x00007fffb772a000 	D:\IntelliJ IDEA 2020.3.4\bin\breakgen64.dll
0x0000000067540000 - 0x000000006755a000 	D:\Java\env_confile\jdk1.8.0_131\jre\bin\net.dll
0x00007fffc33f0000 - 0x00007fffc345a000 	C:\Windows\system32\mswsock.dll

VM Arguments:
jvm_args: -ea -Didea.test.cyclic.buffer.size=1048576 -javaagent:D:\IntelliJ IDEA 2020.3.4\lib\idea_rt.jar=7397:D:\IntelliJ IDEA 2020.3.4\bin -Dfile.encoding=UTF-8 
java_command: com.intellij.rt.junit.JUnitStarter -ideVersion5 -junit4 com.itheima.dao.test.testDao,testselect4DetailsById
java_class_path (initial): D:\IntelliJ IDEA 2020.3.4\lib\idea_rt.jar;D:\IntelliJ IDEA 2020.3.4\plugins\junit\lib\junit5-rt.jar;D:\IntelliJ IDEA 2020.3.4\plugins\junit\lib\junit-rt.jar;D:\Java\env_confile\jdk1.8.0_131\jre\lib\charsets.jar;D:\Java\env_confile\jdk1.8.0_131\jre\lib\deploy.jar;D:\Java\env_confile\jdk1.8.0_131\jre\lib\ext\access-bridge-64.jar;D:\Java\env_confile\jdk1.8.0_131\jre\lib\ext\cldrdata.jar;D:\Java\env_confile\jdk1.8.0_131\jre\lib\ext\dnsns.jar;D:\Java\env_confile\jdk1.8.0_131\jre\lib\ext\jaccess.jar;D:\Java\env_confile\jdk1.8.0_131\jre\lib\ext\jfxrt.jar;D:\Java\env_confile\jdk1.8.0_131\jre\lib\ext\localedata.jar;D:\Java\env_confile\jdk1.8.0_131\jre\lib\ext\nashorn.jar;D:\Java\env_confile\jdk1.8.0_131\jre\lib\ext\sunec.jar;D:\Java\env_confile\jdk1.8.0_131\jre\lib\ext\sunjce_provider.jar;D:\Java\env_confile\jdk1.8.0_131\jre\lib\ext\sunmscapi.jar;D:\Java\env_confile\jdk1.8.0_131\jre\lib\ext\sunpkcs11.jar;D:\Java\env_confile\jdk1.8.0_131\jre\lib\ext\zipfs.jar;D:\Java\env_confile\jdk1.8.0_131\jre\lib\javaws.jar;D:\Java\env_confile\jdk1.8.0_131\jre\lib\jce.jar;D:\Java\env_confile\jdk1.8.0_131\jre\lib\jfr.jar;D:\Java\env_confile\jdk1.8.0_131\jre\lib\jfxswt.jar;D:\Java\env_confile\jdk1.8.0_131\jre\lib\jsse.jar;D:\Java\env_confile\jdk1.8.0_131\jre\lib\management-agent.jar;D:\Java\env_confile\jdk1.8.0_131\jre\lib\plugin.jar;D:\Java\env_confile\jdk1.8.0_131\jre\lib\resources.jar;D:\Java\env_confile\jdk1.8.0_131\jre\lib\rt.jar;D:\Java\code\health_parent\health_service_provider\target\test-classes;D:\Java\code\health_parent\health_service_provider\target\classes;D:\Java\code\health_parent\health_interface\target\classes;D:\Java\code\health_parent\health_common\target\classes;D:\Java\studyFile\黑马\传智健康\资源\repository_boot\net\sf\jasperreports\jasperreports\6.8.0\jasperreports-6.8.0.jar;D:\Java\studyFile\黑马\传智健康\资源\repository_boot\commons-beanutils\commons-beanutils\1.9.3\commons-beanutils-1.9.3.jar;D:\Java\studyFile\黑马\传智健康\资源\reposito
Launcher Type: SUN_STANDARD

Environment Variables:
JAVA_HOME=D:\Java\env_confile\jdk1.8.0_131
PATH=D:\server\MySQL Server 8.0\bin;D:\software\vm16\bin\;D:\Java\env_confile\jdk1.8.0_131\bin;D:\Java\env_confile\jdk1.8.0_131\jre\bin;C:\Windows\system32;C:\Windows;C:\Windows\System32\Wbem;C:\Windows\System32\WindowsPowerShell\v1.0\;C:\Windows\System32\OpenSSH\;C:\Program Files (x86)\NVIDIA Corporation\PhysX\Common;C:\Program Files\NVIDIA Corporation\NVIDIA NvDLISR;D:\software\AOMEI\AOMEI Backupper\6.8.0;D:\server\Xshell\;D:\server\nodjs_16.13.0\;D:\server\nodjs_16.13.0\node_global\node_modules;D:\server\nodjs_16.13.0\node_global;C:\Program Files\Microsoft SQL Server\Client SDK\ODBC\170\Tools\Binn\;C:\Program Files (x86)\Microsoft SQL Server\150\Tools\Binn\;C:\Program Files\Microsoft SQL Server\150\Tools\Binn\;C:\Program Files\Microsoft SQL Server\150\DTS\Binn\;C:\Program Files (x86)\Microsoft SQL Server\150\DTS\Binn\;C:\Program Files\Azure Data Studio\bin;D:\server\TortoiseGit\bin;D:\Java\env_confile\apache-maven-3.6.1\bin;C:\Users\pzistart\AppData\Local\Microsoft\WindowsApps;D:\IntelliJ IDEA 2020.3.4\bin;;C:\Program Files\Bandizip\;D:\software\;D:\vscode\Microsoft VS Code\bin;D:\server\nodjs_16.13.0\node_global;;D:\WebStorm 2022.1\bin;;D:\DataGrip 2022.1.1\bin;;C:\Program Files\Azure Data Studio\bin
USERNAME=pzistart
OS=Windows_NT
PROCESSOR_IDENTIFIER=Intel64 Family 6 Model 141 Stepping 1, GenuineIntel



---------------  S Y S T E M  ---------------

OS: Windows 10.0 , 64 bit Build 19041 (10.0.19041.1889)

CPU:total 12 (initial active 12) (6 cores per cpu, 2 threads per core) family 6 model 141 stepping 1, cmov, cx8, fxsr, mmx, sse, sse2, sse3, ssse3, sse4.1, sse4.2, popcnt, avx, avx2, aes, clmul, erms, 3dnowpref, lzcnt, ht, tsc, tscinvbit, bmi1, bmi2, adx

Memory: 4k page, physical 16538552k(501560k free), swap 35738548k(5252k free)

vm_info: Java HotSpot(TM) 64-Bit Server VM (25.131-b11) for windows-amd64 JRE (1.8.0_131-b11), built on Mar 15 2017 01:23:53 by "java_re" with MS VC++ 10.0 (VS2010)

time: Tue Aug 16 00:22:58 2022
elapsed time: 0 seconds (0d 0h 0m 0s)

